[2017-10-11 12:54:50] Log.ERROR: 0 : ========START======== [] []
[2017-10-11 12:54:50] Log.ERROR: 0 : 2017-10-11 12:54:50pm [] []
[2017-10-11 12:54:50] Log.ERROR: 01 : MovingPin.ipa [] []
[2017-10-11 12:54:50] Log.ERROR: 02 : uploads/59ddf87aa78da5.69774799.ipa [] []
[2017-10-11 12:54:50] Log.ERROR: 03 : uploads/59ddf87aa78da5.69774799.ipa [] []
[2017-10-11 12:54:50] Log.ERROR: 04 : Cannot Load XML [] []
[2017-10-11 12:54:50] Log.ERROR: 05 : MovingPin [] []
[2017-10-11 12:54:50] Log.ERROR: 09 : itms-services://?action=download-manifest&url=https://www.innovationm.com/iOSbuild/manifest/969AefvLf9.plist [] []
[2017-10-11 12:54:51] Log.ERROR: 10 : http://tinyurl.com/y77tgtnw [] []
[2017-10-11 12:54:51] Log.ERROR: 11 : ========END======== [] []
[2017-10-18 03:49:02] Log.ERROR: 0 : ========START======== [] []
[2017-10-18 03:49:02] Log.ERROR: 0 : 2017-10-18 03:49:02am [] []
[2017-10-18 03:49:02] Log.ERROR: 01 : MovingPIN_Build_version_1.3_STAGING.apk [] []
[2017-10-18 03:49:02] Log.ERROR: 03 : Invalid File [] []
[2017-10-18 03:49:02] Log.ERROR: 04 : Cannot Load XML [] []
[2017-10-18 03:49:02] Log.ERROR: 05 : MovingPIN_Build_version_1 [] []
[2017-10-18 03:49:02] Log.ERROR: 09 : itms-services://?action=download-manifest&url=https://www.innovationm.com/iOSbuild/manifest/nHeqMnHvpa.plist [] []
[2017-10-18 03:49:03] Log.ERROR: 10 : http://tinyurl.com/yb79ctzp [] []
[2017-10-18 03:49:03] Log.ERROR: 11 : ========END======== [] []
[2017-10-18 03:49:28] Log.ERROR: 0 : ========START======== [] []
[2017-10-18 03:49:28] Log.ERROR: 0 : 2017-10-18 03:49:28am [] []
[2017-10-18 03:49:28] Log.ERROR: 01 : Beacon Scaner.ipa [] []
[2017-10-18 03:49:28] Log.ERROR: 03 : Invalid File [] []
[2017-10-18 03:49:28] Log.ERROR: 04 : Cannot Load XML [] []
[2017-10-18 03:49:28] Log.ERROR: 05 : Beacon Scaner [] []
[2017-10-18 03:49:28] Log.ERROR: 09 : itms-services://?action=download-manifest&url=https://www.innovationm.com/iOSbuild/manifest/ZWKMbRN8bk.plist [] []
[2017-10-18 03:49:29] Log.ERROR: 10 : http://tinyurl.com/yb72afhh [] []
[2017-10-18 03:49:29] Log.ERROR: 11 : ========END======== [] []
[2017-10-18 03:50:06] Log.ERROR: 0 : ========START======== [] []
[2017-10-18 03:50:06] Log.ERROR: 0 : 2017-10-18 03:50:06am [] []
[2017-10-18 03:50:06] Log.ERROR: 01 : Beacon Scaner.ipa [] []
[2017-10-18 03:50:06] Log.ERROR: 02 : uploads/59e6b34ed05e53.85574511.ipa [] []
[2017-10-18 03:50:06] Log.ERROR: 03 : uploads/59e6b34ed05e53.85574511.ipa [] []
[2017-10-18 03:50:06] Log.ERROR: 04 : Cannot Load XML [] []
[2017-10-18 03:50:06] Log.ERROR: 05 : Beacon Scaner [] []
[2017-10-18 03:50:06] Log.ERROR: 09 : itms-services://?action=download-manifest&url=https://www.innovationm.com/iOSbuild/manifest/5kbg1erCgB.plist [] []
[2017-10-18 03:50:07] Log.ERROR: 10 : http://tinyurl.com/ycruhjoe [] []
[2017-10-18 03:50:07] Log.ERROR: 11 : ========END======== [] []
[2017-10-18 03:50:29] Log.ERROR: 0 : ========START======== [] []
[2017-10-18 03:50:29] Log.ERROR: 0 : 2017-10-18 03:50:29am [] []
[2017-10-18 03:50:29] Log.ERROR: 01 : Beacon Scaner.ipa [] []
[2017-10-18 03:50:29] Log.ERROR: 02 : uploads/59e6b365983078.48461720.ipa [] []
[2017-10-18 03:50:29] Log.ERROR: 03 : uploads/59e6b365983078.48461720.ipa [] []
[2017-10-18 03:50:29] Log.ERROR: 04 : Cannot Load XML [] []
[2017-10-18 03:50:29] Log.ERROR: 05 : Beacon Scaner [] []
[2017-10-18 03:50:29] Log.ERROR: 09 : itms-services://?action=download-manifest&url=https://www.innovationm.com/iOSbuild/manifest/3TvuHkcCMm.plist [] []
[2017-10-18 03:50:30] Log.ERROR: 10 : http://tinyurl.com/yb357f33 [] []
[2017-10-18 03:50:30] Log.ERROR: 11 : ========END======== [] []
[2017-10-18 03:51:48] Log.ERROR: 0 : ========START======== [] []
[2017-10-18 03:51:48] Log.ERROR: 0 : 2017-10-18 03:51:48am [] []
[2017-10-18 03:51:48] Log.ERROR: 01 : Beacon Scaner.ipa [] []
[2017-10-18 03:51:48] Log.ERROR: 02 : uploads/59e6b3b42f10c8.23043342.ipa [] []
[2017-10-18 03:51:48] Log.ERROR: 03 : uploads/59e6b3b42f10c8.23043342.ipa [] []
[2017-10-18 03:51:48] Log.ERROR: 04 : Cannot Load XML [] []
[2017-10-18 03:51:48] Log.ERROR: 05 : Beacon Scaner [] []
[2017-10-18 03:51:48] Log.ERROR: 09 : itms-services://?action=download-manifest&url=https://www.innovationm.com/iOSbuild/manifest/YVb58HqzSS.plist [] []
[2017-10-18 03:51:48] Log.ERROR: 10 : http://tinyurl.com/ybk24t67 [] []
[2017-10-18 03:51:48] Log.ERROR: 11 : ========END======== [] []
[2017-10-18 03:52:05] Log.ERROR: 0 : ========START======== [] []
[2017-10-18 03:52:05] Log.ERROR: 0 : 2017-10-18 03:52:05am [] []
[2017-10-18 03:52:05] Log.ERROR: 01 : Beacon Scaner.ipa [] []
[2017-10-18 03:52:05] Log.ERROR: 02 : uploads/59e6b3c5149253.84424205.ipa [] []
[2017-10-18 03:52:05] Log.ERROR: 03 : uploads/59e6b3c5149253.84424205.ipa [] []
[2017-10-18 03:52:05] Log.ERROR: 04 : Cannot Load XML [] []
[2017-10-18 03:52:05] Log.ERROR: 05 : Beacon Scaner [] []
[2017-10-18 03:52:05] Log.ERROR: 09 : itms-services://?action=download-manifest&url=https://www.innovationm.com/iOSbuild/manifest/1H4aFoA5CA.plist [] []
[2017-10-18 03:52:05] Log.ERROR: 10 : http://tinyurl.com/y8ofvur8 [] []
[2017-10-18 03:52:05] Log.ERROR: 11 : ========END======== [] []
[2017-10-18 04:20:07] Log.ERROR: 0 : ========START======== [] []
[2017-10-18 04:20:07] Log.ERROR: 0 : 2017-10-18 04:20:07am [] []
[2017-10-18 04:20:07] Log.ERROR: 01 : MovingPIN_Build_version_1.3_STAGING.apk [] []
[2017-10-18 04:20:07] Log.ERROR: 03 : Invalid File [] []
[2017-10-18 04:20:07] Log.ERROR: 09 : itms-services://?action=download-manifest&url=https://www.innovationm.com/iOSbuild/manifest/ [] []
[2017-10-18 04:20:09] Log.ERROR: 10 : <?xml version="1.0" encoding="iso-8859-1"?> <!DOCTYPE html PUBLIC "-//W3C//DTD XHTML 1.0 Transitional//EN"          "http://www.w3.org/TR/xhtml1/DTD/xhtml1-transitional.dtd"> <html xmlns="http://www.w3.org/1999/xhtml" xml:lang="en" lang="en">  <head>   <title>400 - Bad Request</title>  </head>  <body>   <h1>400 - Bad Request</h1>  </body> </html>  [] []
[2017-10-18 04:20:09] Log.ERROR: 11 : ========END======== [] []
[2017-10-18 04:20:52] Log.ERROR: 0 : ========START======== [] []
[2017-10-18 04:20:52] Log.ERROR: 0 : 2017-10-18 04:20:52am [] []
[2017-10-18 04:20:52] Log.ERROR: 01 : MovingPIN_Build_version_1.3_STAGING.apk [] []
[2017-10-18 04:20:52] Log.ERROR: 02 : uploads/59e6ba8459ded4.68868331.apk [] []
[2017-10-18 04:20:52] Log.ERROR: 03 : uploads/59e6ba8459ded4.68868331.apk [] []
[2017-10-18 04:20:52] Log.ERROR: 09 : itms-services://?action=download-manifest&url=https://www.innovationm.com/iOSbuild/manifest/ [] []
[2017-10-18 04:20:52] Log.ERROR: 10 : http://tinyurl.com/y8tuqygy [] []
[2017-10-18 04:20:52] Log.ERROR: 11 : ========END======== [] []
[2017-10-18 04:46:32] Log.ERROR: 0 : ========START======== [] []
[2017-10-18 04:46:32] Log.ERROR: 0 : 2017-10-18 04:46:32am [] []
[2017-10-18 04:46:32] Log.ERROR: 01 : Beacon Scaner.ipa [] []
[2017-10-18 04:46:32] Log.ERROR: 02 : uploads/59e6c08811e077.84317717.ipa [] []
[2017-10-18 04:46:32] Log.ERROR: 03 : uploads/59e6c08811e077.84317717.ipa [] []
[2017-10-18 04:46:32] Log.ERROR: 04 :  [] []
[2017-10-18 04:46:32] Log.ERROR: 06 :  [] []
[2017-10-18 04:46:32] Log.ERROR: 07 :  [] []
[2017-10-18 04:46:32] Log.ERROR: 08 :  [] []
[2017-10-18 04:46:32] Log.ERROR: 09 : itms-services://?action=download-manifest&url=https://www.innovationm.com/iOSbuild/manifest/nETsOyQoEt.plist [] []
[2017-10-18 04:46:35] Log.ERROR: 10 : http://tinyurl.com/y9oma77w [] []
[2017-10-18 04:46:35] Log.ERROR: 11 : ========END======== [] []
