[2018-05-10 14:15:00] Log.ERROR: 0 : ============================= [] []
[2018-05-10 14:15:00] Log.ERROR: 1 : Upload Path : uploads/5af437c4adbd59.59733856.ipa [] []
[2018-05-10 14:15:36] Log.ERROR: 0 : ============================= [] []
[2018-05-10 14:15:36] Log.ERROR: 1 : Upload Path : uploads/5af437e8998776.40082179.ipa [] []
[2018-05-10 14:15:36] Log.ERROR: 1 : iOS Maniefest.plist Path : 2yPXiOh7SK.plist [] []
[2018-05-10 14:15:37] Log.ERROR: 1 : iOS Sharable Link : http://tinyurl.com/ya2aesv4 [] []
[2018-05-10 14:15:37] Log.ERROR: 0 : ============================= [] []
[2018-05-10 14:16:58] Log.ERROR: 0 : ============================= [] []
[2018-05-10 14:16:58] Log.ERROR: 1 : Upload Path : uploads/5af4383a9ba5b0.28653068.apk [] []
[2018-05-10 14:16:59] Log.ERROR: 1 : Android Sharable Link : http://tinyurl.com/yclxderc [] []
[2018-05-10 14:16:59] Log.ERROR: 0 : ============================= [] []
[2018-05-10 14:17:25] Log.ERROR: 0 : ============================= [] []
[2018-05-10 14:17:25] Log.ERROR: 1 : Upload Path : uploads/5af438559d8476.12965541.ipa [] []
[2018-05-10 14:17:25] Log.ERROR: 1 : iOS Maniefest.plist Path : guDnCbZZAF.plist [] []
[2018-05-10 14:17:26] Log.ERROR: 1 : iOS Sharable Link : http://tinyurl.com/ydhgxegn [] []
[2018-05-10 14:17:26] Log.ERROR: 0 : ============================= [] []
[2018-05-11 07:45:33] Log.ERROR: 0 : ============================= [] []
[2018-05-11 07:45:33] Log.ERROR: 1 : Upload Path : uploads/5af52dfd931770.16113859.ipa [] []
[2018-05-11 07:45:33] Log.ERROR: 1 : iOS Maniefest.plist Path : FBhcvQ64dn.plist [] []
[2018-05-11 07:45:34] Log.ERROR: 1 : iOS Sharable Link : http://tinyurl.com/y95x4vms [] []
[2018-05-11 07:45:34] Log.ERROR: 0 : ============================= [] []
[2018-05-11 07:46:55] Log.ERROR: 0 : ============================= [] []
[2018-05-11 07:46:55] Log.ERROR: 1 : Upload Path : uploads/5af52e4fe837f4.02085653.ipa [] []
[2018-05-11 07:46:55] Log.ERROR: 1 : iOS Maniefest.plist Path : FkKzsHUZxz.plist [] []
[2018-05-11 07:46:56] Log.ERROR: 1 : iOS Sharable Link : http://tinyurl.com/y9jw68oy [] []
[2018-05-11 07:46:56] Log.ERROR: 0 : ============================= [] []
